{"sessionId":"1d25cc","runId":"initial","hypothesisId":"H1","location":"app/Http/Middleware/TenantMiddleware.php:13","message":"Tenant middleware entry","data":{"method":"DELETE","path":"api/v1/customers/3","route":"api/v1/customers/{customer}","auth_user_id":3},"timestamp":1776855783652}
{"sessionId":"1d25cc","runId":"initial","hypothesisId":"H1","location":"app/Http/Middleware/TenantMiddleware.php:50","message":"Tenant context attached","data":{"tenant_id":2,"user_role":"admin","is_platform_admin":false},"timestamp":1776855783656}
{"sessionId":"1d25cc","runId":"initial","hypothesisId":"H2","location":"app/Http/Middleware/RoleMiddleware.php:35","message":"Role middleware evaluated","data":{"method":"DELETE","path":"api/v1/customers/3","user_role":"admin","allowed_roles":["admin","manager"],"is_allowed":true},"timestamp":1776855783658}
{"sessionId":"1d25cc","runId":"initial","hypothesisId":"H3","location":"app/Models/Concerns/ResolvesTenantRouteBinding.php:14","message":"Route binding resolve invoked","data":{"model":"App\\Models\\Customer","method":"DELETE","path":"api/v1/customers/3","tenant_id_attribute":2,"route_key_value":"3","field":null},"timestamp":1776855783661}
{"sessionId":"1d25cc","runId":"initial","hypothesisId":"H3","location":"app/Models/Concerns/ResolvesTenantRouteBinding.php:22","message":"Route binding query result","data":{"model":"App\\Models\\Customer","field":"id","route_key_value":"3","resolved_model_id":3},"timestamp":1776855783665}
{"sessionId":"1d25cc","runId":"initial","hypothesisId":"H1","location":"app/Http/Middleware/TenantMiddleware.php:13","message":"Tenant middleware entry","data":{"method":"DELETE","path":"api/v1/cars/2","route":"api/v1/cars/{car}","auth_user_id":3},"timestamp":1776856143838}
{"sessionId":"1d25cc","runId":"initial","hypothesisId":"H1","location":"app/Http/Middleware/TenantMiddleware.php:50","message":"Tenant context attached","data":{"tenant_id":2,"user_role":"admin","is_platform_admin":false},"timestamp":1776856143845}
{"sessionId":"1d25cc","runId":"initial","hypothesisId":"H2","location":"app/Http/Middleware/RoleMiddleware.php:35","message":"Role middleware evaluated","data":{"method":"DELETE","path":"api/v1/cars/2","user_role":"admin","allowed_roles":["admin","manager"],"is_allowed":true},"timestamp":1776856143847}
{"sessionId":"1d25cc","runId":"initial","hypothesisId":"H3","location":"app/Models/Concerns/ResolvesTenantRouteBinding.php:14","message":"Route binding resolve invoked","data":{"model":"App\\Models\\Car","method":"DELETE","path":"api/v1/cars/2","tenant_id_attribute":2,"route_key_value":"2","field":null},"timestamp":1776856143854}
{"sessionId":"1d25cc","runId":"initial","hypothesisId":"H3","location":"app/Models/Concerns/ResolvesTenantRouteBinding.php:22","message":"Route binding query result","data":{"model":"App\\Models\\Car","field":"id","route_key_value":"2","resolved_model_id":null},"timestamp":1776856143863}
{"sessionId":"1d25cc","runId":"initial","hypothesisId":"H1","location":"app/Http/Middleware/TenantMiddleware.php:13","message":"Tenant middleware entry","data":{"method":"GET","path":"api/v1/cars","route":"api/v1/cars","auth_user_id":3},"timestamp":1776856226190}
{"sessionId":"1d25cc","runId":"initial","hypothesisId":"H1","location":"app/Http/Middleware/TenantMiddleware.php:50","message":"Tenant context attached","data":{"tenant_id":1,"user_role":"admin","is_platform_admin":false},"timestamp":1776856226197}
{"sessionId":"1d25cc","runId":"initial","hypothesisId":"H2","location":"app/Http/Middleware/RoleMiddleware.php:35","message":"Role middleware evaluated","data":{"method":"GET","path":"api/v1/cars","user_role":"admin","allowed_roles":["admin","manager"],"is_allowed":true},"timestamp":1776856226199}
{"sessionId":"1d25cc","runId":"initial","hypothesisId":"H1","location":"app/Http/Middleware/TenantMiddleware.php:13","message":"Tenant middleware entry","data":{"method":"GET","path":"api/v1/zones","route":"api/v1/zones","auth_user_id":3},"timestamp":1776856301479}
{"sessionId":"1d25cc","runId":"initial","hypothesisId":"H1","location":"app/Http/Middleware/TenantMiddleware.php:50","message":"Tenant context attached","data":{"tenant_id":3,"user_role":"admin","is_platform_admin":false},"timestamp":1776856301483}
{"sessionId":"1d25cc","runId":"initial","hypothesisId":"H2","location":"app/Http/Middleware/RoleMiddleware.php:35","message":"Role middleware evaluated","data":{"method":"GET","path":"api/v1/zones","user_role":"admin","allowed_roles":["admin","manager"],"is_allowed":true},"timestamp":1776856301485}
{"sessionId":"1d25cc","runId":"initial","hypothesisId":"H1","location":"app/Http/Middleware/TenantMiddleware.php:13","message":"Tenant middleware entry","data":{"method":"GET","path":"api/v1/products","route":"api/v1/products","auth_user_id":3},"timestamp":1776856308515}
{"sessionId":"1d25cc","runId":"initial","hypothesisId":"H1","location":"app/Http/Middleware/TenantMiddleware.php:50","message":"Tenant context attached","data":{"tenant_id":3,"user_role":"admin","is_platform_admin":false},"timestamp":1776856308519}
{"sessionId":"1d25cc","runId":"initial","hypothesisId":"H2","location":"app/Http/Middleware/RoleMiddleware.php:35","message":"Role middleware evaluated","data":{"method":"GET","path":"api/v1/products","user_role":"admin","allowed_roles":["admin","manager"],"is_allowed":true},"timestamp":1776856308520}
{"sessionId":"1d25cc","runId":"initial","hypothesisId":"H1","location":"app/Http/Middleware/TenantMiddleware.php:13","message":"Tenant middleware entry","data":{"method":"GET","path":"api/v1/cars","route":"api/v1/cars","auth_user_id":3},"timestamp":1776856313016}
{"sessionId":"1d25cc","runId":"initial","hypothesisId":"H1","location":"app/Http/Middleware/TenantMiddleware.php:50","message":"Tenant context attached","data":{"tenant_id":3,"user_role":"admin","is_platform_admin":false},"timestamp":1776856313023}
{"sessionId":"1d25cc","runId":"initial","hypothesisId":"H2","location":"app/Http/Middleware/RoleMiddleware.php:35","message":"Role middleware evaluated","data":{"method":"GET","path":"api/v1/cars","user_role":"admin","allowed_roles":["admin","manager"],"is_allowed":true},"timestamp":1776856313025}
{"sessionId":"1d25cc","runId":"initial","hypothesisId":"H1","location":"app/Http/Middleware/TenantMiddleware.php:13","message":"Tenant middleware entry","data":{"method":"DELETE","path":"api/v1/cars/2","route":"api/v1/cars/{car}","auth_user_id":3},"timestamp":1776856326894}
{"sessionId":"1d25cc","runId":"initial","hypothesisId":"H1","location":"app/Http/Middleware/TenantMiddleware.php:50","message":"Tenant context attached","data":{"tenant_id":3,"user_role":"admin","is_platform_admin":false},"timestamp":1776856326897}
{"sessionId":"1d25cc","runId":"initial","hypothesisId":"H2","location":"app/Http/Middleware/RoleMiddleware.php:35","message":"Role middleware evaluated","data":{"method":"DELETE","path":"api/v1/cars/2","user_role":"admin","allowed_roles":["admin","manager"],"is_allowed":true},"timestamp":1776856326898}
{"sessionId":"1d25cc","runId":"initial","hypothesisId":"H3","location":"app/Models/Concerns/ResolvesTenantRouteBinding.php:14","message":"Route binding resolve invoked","data":{"model":"App\\Models\\Car","method":"DELETE","path":"api/v1/cars/2","tenant_id_attribute":3,"route_key_value":"2","field":null},"timestamp":1776856326899}
{"sessionId":"1d25cc","runId":"initial","hypothesisId":"H3","location":"app/Models/Concerns/ResolvesTenantRouteBinding.php:22","message":"Route binding query result","data":{"model":"App\\Models\\Car","field":"id","route_key_value":"2","resolved_model_id":2},"timestamp":1776856326902}
{"sessionId":"1d25cc","runId":"initial","hypothesisId":"H1","location":"app/Http/Middleware/TenantMiddleware.php:13","message":"Tenant middleware entry","data":{"method":"DELETE","path":"api/v1/users/3","route":"api/v1/users/{user}","auth_user_id":6},"timestamp":1776856333733}
{"sessionId":"1d25cc","runId":"initial","hypothesisId":"H1","location":"app/Http/Middleware/TenantMiddleware.php:13","message":"Tenant middleware entry","data":{"method":"PATCH","path":"api/v1/customers/1","route":"api/v1/customers/{customer}","auth_user_id":3},"timestamp":1776856421806}
{"sessionId":"1d25cc","runId":"initial","hypothesisId":"H1","location":"app/Http/Middleware/TenantMiddleware.php:50","message":"Tenant context attached","data":{"tenant_id":3,"user_role":"admin","is_platform_admin":false},"timestamp":1776856421810}
{"sessionId":"1d25cc","runId":"initial","hypothesisId":"H2","location":"app/Http/Middleware/RoleMiddleware.php:35","message":"Role middleware evaluated","data":{"method":"PATCH","path":"api/v1/customers/1","user_role":"admin","allowed_roles":["admin","manager"],"is_allowed":true},"timestamp":1776856421811}
{"sessionId":"1d25cc","runId":"initial","hypothesisId":"H3","location":"app/Models/Concerns/ResolvesTenantRouteBinding.php:14","message":"Route binding resolve invoked","data":{"model":"App\\Models\\Customer","method":"PATCH","path":"api/v1/customers/1","tenant_id_attribute":3,"route_key_value":"1","field":null},"timestamp":1776856421816}
{"sessionId":"1d25cc","runId":"initial","hypothesisId":"H3","location":"app/Models/Concerns/ResolvesTenantRouteBinding.php:22","message":"Route binding query result","data":{"model":"App\\Models\\Customer","field":"id","route_key_value":"1","resolved_model_id":1},"timestamp":1776856421822}
{"sessionId":"1d25cc","runId":"initial","hypothesisId":"H1","location":"app/Http/Middleware/TenantMiddleware.php:13","message":"Tenant middleware entry","data":{"method":"DELETE","path":"api/v1/zones/3","route":"api/v1/zones/{zone}","auth_user_id":3},"timestamp":1776856546776}
{"sessionId":"1d25cc","runId":"initial","hypothesisId":"H1","location":"app/Http/Middleware/TenantMiddleware.php:50","message":"Tenant context attached","data":{"tenant_id":3,"user_role":"admin","is_platform_admin":false},"timestamp":1776856546779}
{"sessionId":"1d25cc","runId":"initial","hypothesisId":"H2","location":"app/Http/Middleware/RoleMiddleware.php:35","message":"Role middleware evaluated","data":{"method":"DELETE","path":"api/v1/zones/3","user_role":"admin","allowed_roles":["admin","manager"],"is_allowed":true},"timestamp":1776856546781}
{"sessionId":"1d25cc","runId":"initial","hypothesisId":"H3","location":"app/Models/Concerns/ResolvesTenantRouteBinding.php:14","message":"Route binding resolve invoked","data":{"model":"App\\Models\\Zone","method":"DELETE","path":"api/v1/zones/3","tenant_id_attribute":3,"route_key_value":"3","field":null},"timestamp":1776856546785}
{"sessionId":"1d25cc","runId":"initial","hypothesisId":"H3","location":"app/Models/Concerns/ResolvesTenantRouteBinding.php:22","message":"Route binding query result","data":{"model":"App\\Models\\Zone","field":"id","route_key_value":"3","resolved_model_id":null},"timestamp":1776856546788}
{"sessionId":"1d25cc","runId":"initial","hypothesisId":"H1","location":"app/Http/Middleware/TenantMiddleware.php:13","message":"Tenant middleware entry","data":{"method":"DELETE","path":"api/v1/zones/2","route":"api/v1/zones/{zone}","auth_user_id":3},"timestamp":1776856555266}
{"sessionId":"1d25cc","runId":"initial","hypothesisId":"H1","location":"app/Http/Middleware/TenantMiddleware.php:50","message":"Tenant context attached","data":{"tenant_id":3,"user_role":"admin","is_platform_admin":false},"timestamp":1776856555270}
{"sessionId":"1d25cc","runId":"initial","hypothesisId":"H2","location":"app/Http/Middleware/RoleMiddleware.php:35","message":"Role middleware evaluated","data":{"method":"DELETE","path":"api/v1/zones/2","user_role":"admin","allowed_roles":["admin","manager"],"is_allowed":true},"timestamp":1776856555272}
{"sessionId":"1d25cc","runId":"initial","hypothesisId":"H3","location":"app/Models/Concerns/ResolvesTenantRouteBinding.php:14","message":"Route binding resolve invoked","data":{"model":"App\\Models\\Zone","method":"DELETE","path":"api/v1/zones/2","tenant_id_attribute":3,"route_key_value":"2","field":null},"timestamp":1776856555275}
{"sessionId":"1d25cc","runId":"initial","hypothesisId":"H3","location":"app/Models/Concerns/ResolvesTenantRouteBinding.php:22","message":"Route binding query result","data":{"model":"App\\Models\\Zone","field":"id","route_key_value":"2","resolved_model_id":2},"timestamp":1776856555283}
